DEBUG | 12:02:25 | [main] tldr.App- Beginning of the Pipeline
DEBUG | 12:02:25 | [main] model.ThreadedChannel- uci.ics.mondego.tldr.worker.FileChangeAnalyzerWorker Starting
DEBUG | 12:02:25 | [main] model.ThreadedChannel- uci.ics.mondego.tldr.worker.ClassChangeAnalyzerWorker Starting
DEBUG | 12:02:25 | [main] model.ThreadedChannel- uci.ics.mondego.tldr.worker.DependencyExtractorWorker Starting
DEBUG | 12:02:25 | [main] model.ThreadedChannel- uci.ics.mondego.tldr.worker.DFSTraversalWorker Starting
DEBUG | 12:02:25 | [main] model.ThreadedChannel- uci.ics.mondego.tldr.worker.TestFileChangeAnalyzerWorker Starting
DEBUG | 12:02:25 | [main] model.ThreadedChannel- uci.ics.mondego.tldr.worker.TestChangeAnalyzerAndIndexerWorker Starting
DEBUG | 12:02:25 | [main] model.ThreadedChannel- uci.ics.mondego.tldr.worker.TestDependencyExtractorWorker Starting
DEBUG | 12:02:25 | [main] model.ThreadedChannel- uci.ics.mondego.tldr.worker.EntityToTestMapWorker Starting
DEBUG | 12:02:25 | [main] model.ThreadedChannel- uci.ics.mondego.tldr.worker.IntraTestTraversalWorker Starting
DEBUG | 12:02:27 | [main] model.ThreadedChannel- uci.ics.mondego.tldr.worker.FileChangeAnalyzerWorker Ending
DEBUG | 12:02:28 | [main] model.ThreadedChannel- uci.ics.mondego.tldr.worker.ClassChangeAnalyzerWorker Ending
DEBUG | 12:02:31 | [main] model.ThreadedChannel- uci.ics.mondego.tldr.worker.DependencyExtractorWorker Ending
DEBUG | 12:02:31 | [main] tldr.App- REPO SCANNING FOR TEST SUIT STARTS
DEBUG | 12:02:31 | [main] model.ThreadedChannel- uci.ics.mondego.tldr.worker.TestFileChangeAnalyzerWorker Ending
DEBUG | 12:02:31 | [main] model.ThreadedChannel- uci.ics.mondego.tldr.worker.TestChangeAnalyzerAndIndexerWorker Ending
DEBUG | 12:02:31 | [main] model.ThreadedChannel- uci.ics.mondego.tldr.worker.DFSTraversalWorker Ending
DEBUG | 12:02:31 | [main] model.ThreadedChannel- uci.ics.mondego.tldr.worker.TestDependencyExtractorWorker Ending
DEBUG | 12:02:31 | [main] tldr.App- REPO SCANNING, TEST PARSING, TEST INDEXING IS COMPLETE, NOW MAPPING STARTING
DEBUG | 12:02:31 | [main] model.ThreadedChannel- uci.ics.mondego.tldr.worker.EntityToTestMapWorker Ending
DEBUG | 12:02:31 | [main] model.ThreadedChannel- uci.ics.mondego.tldr.worker.IntraTestTraversalWorker Ending
DEBUG | 12:02:31 | [main] tldr.App- Ending the Pipeline
