ERROR | 02:41:15 | [pool-3-thread-1] extractor.MethodParser - onDirectoryCreate is Abstract/Interface/Annotation... Skipping parsing
ERROR | 02:41:15 | [pool-3-thread-1] extractor.MethodParser - onDirectoryChange is Abstract/Interface/Annotation... Skipping parsing
ERROR | 02:41:15 | [pool-3-thread-1] extractor.MethodParser - onDirectoryDelete is Abstract/Interface/Annotation... Skipping parsing
ERROR | 02:41:15 | [pool-3-thread-1] extractor.MethodParser - onFileChange is Abstract/Interface/Annotation... Skipping parsing
ERROR | 02:41:15 | [pool-3-thread-1] extractor.MethodParser - onFileCreate is Abstract/Interface/Annotation... Skipping parsing
ERROR | 02:41:15 | [pool-3-thread-1] extractor.MethodParser - onStop is Abstract/Interface/Annotation... Skipping parsing
ERROR | 02:41:15 | [pool-3-thread-1] extractor.MethodParser - onStart is Abstract/Interface/Annotation... Skipping parsing
ERROR | 02:41:15 | [pool-3-thread-1] extractor.MethodParser - onFileDelete is Abstract/Interface/Annotation... Skipping parsing
ERROR | 02:41:15 | [pool-3-thread-4] extractor.MethodParser - accept is Abstract/Interface/Annotation... Skipping parsing
ERROR | 02:41:15 | [pool-3-thread-4] extractor.MethodParser - accept is Abstract/Interface/Annotation... Skipping parsing
ERROR | 02:41:15 | [pool-3-thread-1] extractor.MethodParser - removeFileFilter is Abstract/Interface/Annotation... Skipping parsing
ERROR | 02:41:15 | [pool-3-thread-1] extractor.MethodParser - setFileFilters is Abstract/Interface/Annotation... Skipping parsing
ERROR | 02:41:15 | [pool-3-thread-1] extractor.MethodParser - getFileFilters is Abstract/Interface/Annotation... Skipping parsing
ERROR | 02:41:15 | [pool-3-thread-1] extractor.MethodParser - addFileFilter is Abstract/Interface/Annotation... Skipping parsing
ERROR | 02:41:15 | [pool-3-thread-3] extractor.MethodParser - fileNotFound is Abstract/Interface/Annotation... Skipping parsing
ERROR | 02:41:15 | [pool-3-thread-3] extractor.MethodParser - fileRotated is Abstract/Interface/Annotation... Skipping parsing
ERROR | 02:41:15 | [pool-3-thread-3] extractor.MethodParser - handle is Abstract/Interface/Annotation... Skipping parsing
ERROR | 02:41:15 | [pool-3-thread-3] extractor.MethodParser - handle is Abstract/Interface/Annotation... Skipping parsing
ERROR | 02:41:15 | [pool-3-thread-3] extractor.MethodParser - init is Abstract/Interface/Annotation... Skipping parsing
ERROR | 02:41:15 | [pool-3-thread-4] extractor.MethodParser - getStream is Abstract/Interface/Annotation... Skipping parsing
ERROR | 02:41:15 | [pool-3-thread-4] extractor.MethodParser - thresholdReached is Abstract/Interface/Annotation... Skipping parsing
ERROR | 02:41:17 | [pool-6-thread-3] extractor.MethodParser - getConditionalFileFilter is Abstract/Interface/Annotation... Skipping parsing
ERROR | 02:41:17 | [pool-6-thread-3] extractor.MethodParser - buildFilterUsingAdd is Abstract/Interface/Annotation... Skipping parsing
ERROR | 02:41:17 | [pool-6-thread-3] extractor.MethodParser - buildFilterUsingConstructor is Abstract/Interface/Annotation... Skipping parsing
ERROR | 02:41:17 | [pool-6-thread-3] extractor.MethodParser - getTestFilters is Abstract/Interface/Annotation... Skipping parsing
ERROR | 02:41:17 | [pool-6-thread-3] extractor.MethodParser - getTrueResults is Abstract/Interface/Annotation... Skipping parsing
ERROR | 02:41:17 | [pool-6-thread-3] extractor.MethodParser - getFalseResults is Abstract/Interface/Annotation... Skipping parsing
ERROR | 02:41:17 | [pool-6-thread-3] extractor.MethodParser - getFileResults is Abstract/Interface/Annotation... Skipping parsing
ERROR | 02:41:17 | [pool-6-thread-3] extractor.MethodParser - getFilenameResults is Abstract/Interface/Annotation... Skipping parsing
ERROR | 02:41:17 | [pool-6-thread-3] extractor.MethodParser - getWorkingPathNamePropertyKey is Abstract/Interface/Annotation... Skipping parsing
ERROR | 02:41:17 | [pool-6-thread-3] extractor.MethodParser - getDefaultWorkingPath is Abstract/Interface/Annotation... Skipping parsing
